<?xml version="1.0" encoding="UTF-8"?>
<!-- Generated by org.testng.reporters.JUnitXMLReporter -->
<testsuite hostname="DESKTOP-M8ARC8E" ignored="0" name="Command line test" tests="6" failures="0" timestamp="2020-06-30T12:08:00 IST" time="0.046" errors="0">
  <testcase name="PostJIRA" time="0.005" classname="SrinivasMavenProject.AppiumTest"/>
  <testcase name="deleteTwiter" time="0.001" classname="SrinivasMavenProject.AppiumTest"/>
  <testcase name="IOSAppTest" time="0.0" classname="SrinivasMavenProject.RESTAPITest"/>
  <testcase name="NativeAppAndriod" time="0.0" classname="SrinivasMavenProject.RESTAPITest"/>
  <testcase name="BrowserAutomation" time="0.0" classname="SrinivasMavenProject.SeleniumTest"/>
  <testcase name="elementUi" time="0.0" classname="SrinivasMavenProject.SeleniumTest"/>
</testsuite> <!-- Command line test -->
