<?xml version="1.0" encoding="UTF-8" ?>
<testsuite tests="6" failures="0" name="TestSuite" time="0.009" errors="0" skipped="0">
  <properties>
[...]
</properties>
  <testcase classname="SrinivasMavenProject.AppiumTest" name="PostJIRA" time="0.008"/>
  <testcase classname="SrinivasMavenProject.AppiumTest" name="deleteTwiter" time="0"/>
  <testcase classname="SrinivasMavenProject.RESTAPITest" name="IOSAppTest" time="0"/>
  <testcase classname="SrinivasMavenProject.RESTAPITest" name="NativeAppAndriod" time="0"/>
  <testcase classname="SrinivasMavenProject.SeleniumTest" name="BrowserAutomation" time="0"/>
  <testcase classname="SrinivasMavenProject.SeleniumTest" name="elementUi" time="0.001"/>
</testsuite>